TN:
SF:js/constants.js
FNF:0
FNH:0
DA:1,1
DA:2,1
DA:3,1
DA:4,1
DA:5,1
DA:6,1
DA:7,1
DA:8,1
DA:9,1
DA:10,1
DA:11,1
DA:12,1
DA:13,1
DA:14,1
DA:15,1
DA:16,1
DA:17,1
DA:18,1
DA:19,1
DA:20,1
DA:21,1
DA:22,1
DA:23,1
DA:24,1
DA:25,1
DA:26,1
DA:27,1
DA:28,1
DA:29,1
DA:30,1
DA:31,1
DA:32,1
DA:33,1
DA:34,1
DA:35,1
DA:36,1
DA:37,1
DA:38,1
DA:39,1
DA:40,1
DA:41,1
DA:42,1
DA:43,1
DA:44,1
DA:45,1
DA:46,1
DA:47,1
DA:48,1
DA:49,1
DA:50,1
DA:51,1
DA:52,1
DA:53,1
DA:54,1
DA:55,1
DA:56,1
DA:57,1
DA:58,1
DA:59,1
DA:60,1
DA:61,1
DA:62,1
DA:63,1
DA:64,1
DA:65,1
DA:66,1
DA:67,1
DA:68,1
DA:69,1
DA:70,1
DA:71,1
DA:72,1
DA:73,1
DA:74,1
DA:75,1
DA:76,1
DA:77,1
DA:78,1
DA:79,1
DA:80,1
DA:81,1
DA:82,1
DA:83,1
DA:84,1
DA:85,1
DA:86,1
DA:87,1
DA:88,1
DA:89,1
DA:90,1
DA:91,1
DA:92,1
DA:93,1
DA:94,1
DA:95,1
DA:96,1
DA:97,1
DA:98,1
DA:99,1
DA:100,1
DA:101,1
DA:102,1
DA:103,1
DA:104,1
DA:105,1
DA:106,1
DA:107,1
DA:108,1
DA:109,1
DA:110,1
DA:111,1
DA:112,1
DA:113,1
DA:114,1
DA:115,1
DA:116,1
DA:117,1
DA:118,1
DA:119,1
DA:120,1
DA:121,1
DA:122,1
DA:123,1
DA:124,1
DA:125,1
DA:126,1
DA:127,1
DA:128,1
DA:129,1
DA:130,1
DA:131,1
DA:132,1
DA:133,1
DA:134,1
DA:135,1
DA:136,1
DA:137,1
DA:138,1
DA:139,1
DA:140,1
DA:141,1
DA:142,1
DA:143,1
DA:144,1
DA:145,1
DA:146,1
DA:147,1
DA:148,1
DA:149,1
DA:150,1
DA:151,1
DA:152,1
DA:153,1
DA:154,1
DA:155,1
DA:156,1
DA:157,1
DA:158,1
DA:159,1
DA:160,1
LF:160
LH:160
BRF:0
BRH:0
end_of_record
TN:
SF:js/export.js
FN:12,exportToCSV
FN:78,exportToJSON
FN:137,exportToGeoJSON
FN:182,generateStatistics
FN:207,calculateStats
FN:228,exportStatistics
FNF:6
FNH:6
FNDA:10,exportToCSV
FNDA:6,exportToJSON
FNDA:6,exportToGeoJSON
FNDA:9,generateStatistics
FNDA:35,calculateStats
FNDA:3,exportStatistics
DA:1,1
DA:2,1
DA:3,1
DA:4,1
DA:5,1
DA:6,1
DA:7,1
DA:8,1
DA:9,1
DA:10,1
DA:11,1
DA:12,1
DA:13,10
DA:14,2
DA:15,2
DA:16,8
DA:17,8
DA:18,8
DA:19,8
DA:20,8
DA:21,8
DA:22,8
DA:23,8
DA:24,8
DA:25,8
DA:26,8
DA:27,8
DA:28,8
DA:29,8
DA:30,8
DA:31,8
DA:32,8
DA:33,8
DA:34,8
DA:35,8
DA:36,8
DA:37,8
DA:38,16
DA:39,16
DA:40,16
DA:41,16
DA:42,16
DA:43,16
DA:44,16
DA:45,16
DA:46,16
DA:47,16
DA:48,16
DA:49,16
DA:50,16
DA:51,16
DA:52,16
DA:53,16
DA:54,16
DA:55,16
DA:56,16
DA:57,16
DA:58,16
DA:59,208
DA:60,208
DA:61,2
DA:62,2
DA:63,206
DA:64,16
DA:65,16
DA:66,16
DA:67,8
DA:68,8
DA:69,8
DA:70,8
DA:71,8
DA:72,8
DA:73,8
DA:74,1
DA:75,1
DA:76,1
DA:77,1
DA:78,1
DA:79,6
DA:80,1
DA:81,1
DA:82,5
DA:83,5
DA:84,5
DA:85,5
DA:86,5
DA:87,5
DA:88,5
DA:89,5
DA:90,5
DA:91,5
DA:92,13
DA:93,13
DA:94,13
DA:95,13
DA:96,13
DA:97,13
DA:98,13
DA:99,13
DA:100,13
DA:101,13
DA:102,13
DA:103,13
DA:104,13
DA:105,13
DA:106,13
DA:107,13
DA:108,13
DA:109,13
DA:110,13
DA:111,13
DA:112,13
DA:113,13
DA:114,13
DA:115,13
DA:116,13
DA:117,13
DA:118,13
DA:119,13
DA:120,13
DA:121,13
DA:122,13
DA:123,13
DA:124,13
DA:125,5
DA:126,5
DA:127,5
DA:128,5
DA:129,5
DA:130,5
DA:131,5
DA:132,5
DA:133,1
DA:134,1
DA:135,1
DA:136,1
DA:137,1
DA:138,6
DA:139,0
DA:140,0
DA:141,6
DA:142,6
DA:143,6
DA:144,6
DA:145,6
DA:146,1
DA:147,1
DA:148,5
DA:149,5
DA:150,5
DA:151,5
DA:152,5
DA:153,8
DA:154,8
DA:155,8
DA:156,8
DA:157,8
DA:158,8
DA:159,8
DA:160,8
DA:161,8
DA:162,8
DA:163,8
DA:164,8
DA:165,8
DA:166,8
DA:167,8
DA:168,5
DA:169,5
DA:170,5
DA:171,5
DA:172,5
DA:173,5
DA:174,5
DA:175,5
DA:176,1
DA:177,1
DA:178,1
DA:179,1
DA:180,1
DA:181,1
DA:182,1
DA:183,9
DA:184,2
DA:185,2
DA:186,7
DA:187,7
DA:188,7
DA:189,7
DA:190,7
DA:191,7
DA:192,7
DA:193,7
DA:194,7
DA:195,7
DA:196,7
DA:197,7
DA:198,7
DA:199,7
DA:200,7
DA:201,7
DA:202,7
DA:203,1
DA:204,1
DA:205,1
DA:206,1
DA:207,35
DA:208,35
DA:209,35
DA:210,35
DA:211,4
DA:212,4
DA:213,31
DA:214,31
DA:215,31
DA:216,31
DA:217,31
DA:218,31
DA:219,31
DA:220,31
DA:221,31
DA:222,31
DA:223,31
DA:224,1
DA:225,1
DA:226,1
DA:227,1
DA:228,1
DA:229,3
DA:230,3
DA:231,3
DA:232,1
DA:233,1
DA:234,2
DA:235,2
DA:236,2
DA:237,2
DA:238,2
DA:239,2
DA:240,2
DA:241,2
DA:242,2
DA:243,2
DA:244,2
DA:245,2
DA:246,2
DA:247,2
DA:248,2
DA:249,2
DA:250,2
DA:251,2
DA:252,2
DA:253,2
DA:254,2
DA:255,2
DA:256,2
DA:257,2
DA:258,2
DA:259,2
DA:260,2
DA:261,2
DA:262,2
DA:263,2
DA:264,2
DA:265,2
DA:266,2
DA:267,2
DA:268,2
DA:269,2
DA:270,2
DA:271,2
DA:272,2
DA:273,2
DA:274,2
DA:275,2
DA:276,2
DA:277,2
DA:278,2
DA:279,2
DA:280,2
LF:280
LH:278
BRDA:12,0,0,10
BRDA:13,1,0,9
BRDA:13,2,0,2
BRDA:15,3,0,8
BRDA:37,4,0,16
BRDA:39,5,0,15
BRDA:39,6,0,1
BRDA:45,7,0,15
BRDA:45,8,0,1
BRDA:46,9,0,15
BRDA:46,10,0,1
BRDA:47,11,0,0
BRDA:48,12,0,0
BRDA:49,13,0,15
BRDA:49,14,0,1
BRDA:50,15,0,15
BRDA:50,16,0,1
BRDA:52,17,0,0
BRDA:53,18,0,1
BRDA:54,19,0,15
BRDA:54,20,0,1
BRDA:58,21,0,208
BRDA:60,22,0,207
BRDA:60,23,0,206
BRDA:60,24,0,2
BRDA:62,25,0,206
BRDA:78,26,0,6
BRDA:79,27,0,1
BRDA:81,28,0,5
BRDA:88,29,0,13
BRDA:91,30,0,13
BRDA:124,31,0,0
BRDA:137,32,0,6
BRDA:138,33,0,0
BRDA:145,34,0,1
BRDA:147,35,0,5
BRDA:143,36,0,12
BRDA:143,37,0,8
BRDA:143,38,0,8
BRDA:152,39,0,8
BRDA:182,40,0,9
BRDA:183,41,0,2
BRDA:185,42,0,7
BRDA:195,43,0,19
BRDA:196,44,0,19
BRDA:198,45,0,19
BRDA:207,46,0,35
BRDA:210,47,0,4
BRDA:212,48,0,31
BRDA:208,49,0,95
BRDA:208,50,0,95
BRDA:208,51,0,91
BRDA:208,52,0,91
BRDA:214,53,0,108
BRDA:219,54,0,91
BRDA:228,55,0,3
BRDA:231,56,0,1
BRDA:233,57,0,2
BRF:58
BRH:53
end_of_record
TN:
SF:js/protocol.js
FN:36,setMockMode
FN:44,sendControlTransfer
FN:72,generateMockStatus
FN:92,generateMockLogItem
FN:122,getDeviceStatus
FN:145,parseStatusData
FN:164,getLogCount
FN:188,readLogRecord
FN:208,parseLogItem
FN:229,downloadAllLogs
FN:263,getFirmwareVersion
FN:290,eraseLogs
FNF:12
FNH:10
FNDA:17,setMockMode
FNDA:0,sendControlTransfer
FNDA:5,generateMockStatus
FNDA:107,generateMockLogItem
FNDA:7,getDeviceStatus
FNDA:5,parseStatusData
FNDA:3,getLogCount
FNDA:107,readLogRecord
FNDA:107,parseLogItem
FNDA:2,downloadAllLogs
FNDA:1,getFirmwareVersion
FNDA:0,eraseLogs
DA:1,1
DA:2,1
DA:3,1
DA:4,1
DA:5,1
DA:6,1
DA:7,1
DA:8,1
DA:9,1
DA:10,1
DA:11,1
DA:12,1
DA:13,1
DA:14,1
DA:15,1
DA:16,1
DA:17,1
DA:18,1
DA:19,1
DA:20,1
DA:21,1
DA:22,1
DA:23,1
DA:24,1
DA:25,1
DA:26,1
DA:27,1
DA:28,1
DA:29,1
DA:30,1
DA:31,1
DA:32,1
DA:33,1
DA:34,1
DA:35,1
DA:36,1
DA:37,17
DA:38,17
DA:39,17
DA:40,1
DA:41,1
DA:42,1
DA:43,1
DA:44,0
DA:45,0
DA:46,0
DA:47,0
DA:48,0
DA:49,0
DA:50,0
DA:51,0
DA:52,0
DA:53,0
DA:54,0
DA:55,0
DA:56,0
DA:57,0
DA:58,0
DA:59,0
DA:60,0
DA:61,0
DA:62,0
DA:63,0
DA:64,0
DA:65,0
DA:66,0
DA:67,0
DA:68,1
DA:69,1
DA:70,1
DA:71,1
DA:72,5
DA:73,5
DA:74,5
DA:75,5
DA:76,5
DA:77,5
DA:78,5
DA:79,5
DA:80,5
DA:81,5
DA:82,5
DA:83,5
DA:84,5
DA:85,5
DA:86,5
DA:87,5
DA:88,1
DA:89,1
DA:90,1
DA:91,1
DA:92,107
DA:93,107
DA:94,107
DA:95,107
DA:96,107
DA:97,107
DA:98,107
DA:99,107
DA:100,107
DA:101,107
DA:102,107
DA:103,107
DA:104,107
DA:105,107
DA:106,107
DA:107,107
DA:108,107
DA:109,107
DA:110,107
DA:111,107
DA:112,107
DA:113,107
DA:114,107
DA:115,107
DA:116,107
DA:117,1
DA:118,1
DA:119,1
DA:120,1
DA:121,1
DA:122,1
DA:123,7
DA:124,7
DA:125,7
DA:126,7
DA:127,7
DA:128,7
DA:129,0
DA:130,7
DA:131,7
DA:132,5
DA:133,5
DA:134,7
DA:135,7
DA:136,7
DA:137,7
DA:138,5
DA:139,5
DA:140,5
DA:141,1
DA:142,1
DA:143,1
DA:144,1
DA:145,5
DA:146,5
DA:147,5
DA:148,5
DA:149,5
DA:150,5
DA:151,5
DA:152,5
DA:153,5
DA:154,5
DA:155,5
DA:156,5
DA:157,5
DA:158,5
DA:159,1
DA:160,1
DA:161,1
DA:162,1
DA:163,1
DA:164,1
DA:165,3
DA:166,3
DA:167,3
DA:168,0
DA:169,3
DA:170,3
DA:171,3
DA:172,3
DA:173,3
DA:174,3
DA:175,3
DA:176,3
DA:177,3
DA:178,3
DA:179,3
DA:180,3
DA:181,3
DA:182,3
DA:183,1
DA:184,1
DA:185,1
DA:186,1
DA:187,1
DA:188,1
DA:189,107
DA:190,107
DA:191,107
DA:192,0
DA:193,107
DA:194,107
DA:195,107
DA:196,107
DA:197,107
DA:198,107
DA:199,107
DA:200,107
DA:201,107
DA:202,107
DA:203,107
DA:204,1
DA:205,1
DA:206,1
DA:207,1
DA:208,107
DA:209,107
DA:210,107
DA:211,107
DA:212,107
DA:213,107
DA:214,107
DA:215,107
DA:216,107
DA:217,107
DA:218,107
DA:219,107
DA:220,107
DA:221,107
DA:222,107
DA:223,1
DA:224,1
DA:225,1
DA:226,1
DA:227,1
DA:228,1
DA:229,1
DA:230,2
DA:231,2
DA:232,2
DA:233,2
DA:234,0
DA:235,0
DA:236,2
DA:237,2
DA:238,2
DA:239,2
DA:240,2
DA:241,100
DA:242,100
DA:243,100
DA:244,100
DA:245,100
DA:246,100
DA:247,50
DA:248,50
DA:249,100
DA:250,100
DA:251,0
DA:252,0
DA:253,0
DA:254,100
DA:255,2
DA:256,2
DA:257,2
DA:258,1
DA:259,1
DA:260,1
DA:261,1
DA:262,1
DA:263,1
DA:264,1
DA:265,1
DA:266,1
DA:267,0
DA:268,1
DA:269,1
DA:270,1
DA:271,1
DA:272,1
DA:273,1
DA:274,1
DA:275,1
DA:276,1
DA:277,1
DA:278,1
DA:279,1
DA:280,1
DA:281,1
DA:282,1
DA:283,1
DA:284,1
DA:285,1
DA:286,1
DA:287,1
DA:288,1
DA:289,1
DA:290,1
DA:291,0
DA:292,0
DA:293,0
DA:294,0
DA:295,0
DA:296,0
DA:297,0
DA:298,0
DA:299,0
DA:300,0
DA:301,0
DA:302,0
DA:303,0
DA:304,0
DA:305,0
DA:306,0
DA:307,0
DA:308,0
DA:309,0
DA:310,0
DA:311,0
DA:312,1
DA:313,1
DA:314,1
DA:315,1
DA:316,1
DA:317,1
DA:318,1
LF:318
LH:264
BRDA:36,0,0,17
BRDA:38,1,0,15
BRDA:38,2,0,2
BRDA:72,3,0,5
BRDA:92,4,0,107
BRDA:122,5,0,7
BRDA:137,6,0,5
BRDA:131,7,0,5
BRDA:145,8,0,5
BRDA:164,9,0,3
BRDA:170,10,0,3
BRDA:188,11,0,107
BRDA:194,12,0,107
BRDA:208,13,0,107
BRDA:229,14,0,2
BRDA:233,15,0,0
BRDA:240,16,0,100
BRDA:246,17,0,50
BRDA:250,18,0,0
BRDA:263,19,0,1
BRDA:283,20,0,0
BRDA:269,21,0,1
BRF:22
BRH:19
end_of_record
TN:
SF:js/storage.js
FN:15,initDatabase
FN:19,request.onerror
FN:23,request.onsuccess
FN:29,request.onupgradeneeded
FN:53,ensureDB
FN:63,storeLog
FN:78,request.onsuccess
FN:82,request.onerror
FN:91,storeLogs
FN:110,request.onsuccess
FN:114,request.onerror
FN:119,transaction.oncomplete
FN:127,transaction.onerror
FN:136,getAllLogs
FN:144,request.onsuccess
FN:148,request.onerror
FN:157,getLogsByDevice
FN:166,request.onsuccess
FN:170,request.onerror
FN:179,getLogsByDateRange
FN:200,request.onsuccess
FN:204,request.onerror
FN:213,getLogCount
FN:228,request.onsuccess
FN:232,request.onerror
FN:241,clearAllLogs
FN:249,request.onsuccess
FN:254,request.onerror
FN:263,clearDeviceLogs
FN:274,request.onsuccess
FN:286,request.onerror
FN:295,getLatestLog
FN:312,getRecentLogs
FN:326,hasLogs
FN:334,getDatabaseStats
FN:352,countRequest.onsuccess
FN:356,allRequest.onsuccess
FN:379,allRequest.onerror
FNF:38
FNH:27
FNDA:4,initDatabase
FNDA:0,request.onerror
FNDA:4,request.onsuccess
FNDA:1,request.onupgradeneeded
FNDA:88,ensureDB
FNDA:5,storeLog
FNDA:5,request.onsuccess
FNDA:0,request.onerror
FNDA:32,storeLogs
FNDA:73,request.onsuccess
FNDA:0,request.onerror
FNDA:32,transaction.oncomplete
FNDA:0,transaction.onerror
FNDA:9,getAllLogs
FNDA:9,request.onsuccess
FNDA:0,request.onerror
FNDA:4,getLogsByDevice
FNDA:4,request.onsuccess
FNDA:0,request.onerror
FNDA:2,getLogsByDateRange
FNDA:2,request.onsuccess
FNDA:0,request.onerror
FNDA:8,getLogCount
FNDA:8,request.onsuccess
FNDA:0,request.onerror
FNDA:26,clearAllLogs
FNDA:26,request.onsuccess
FNDA:0,request.onerror
FNDA:1,clearDeviceLogs
FNDA:3,request.onsuccess
FNDA:0,request.onerror
FNDA:3,getLatestLog
FNDA:2,getRecentLogs
FNDA:3,hasLogs
FNDA:1,getDatabaseStats
FNDA:1,countRequest.onsuccess
FNDA:1,allRequest.onsuccess
FNDA:0,allRequest.onerror
DA:1,1
DA:2,1
DA:3,1
DA:4,1
DA:5,1
DA:6,1
DA:7,1
DA:8,1
DA:9,1
DA:10,1
DA:11,1
DA:12,1
DA:13,1
DA:14,1
DA:15,1
DA:16,4
DA:17,4
DA:18,4
DA:19,4
DA:20,0
DA:21,4
DA:22,4
DA:23,4
DA:24,4
DA:25,4
DA:26,4
DA:27,4
DA:28,4
DA:29,4
DA:30,1
DA:31,1
DA:32,1
DA:33,1
DA:34,1
DA:35,1
DA:36,1
DA:37,1
DA:38,1
DA:39,1
DA:40,1
DA:41,1
DA:42,1
DA:43,1
DA:44,1
DA:45,1
DA:46,4
DA:47,4
DA:48,4
DA:49,1
DA:50,1
DA:51,1
DA:52,1
DA:53,88
DA:54,88
DA:55,0
DA:56,0
DA:57,88
DA:58,88
DA:59,1
DA:60,1
DA:61,1
DA:62,1
DA:63,1
DA:64,5
DA:65,5
DA:66,5
DA:67,5
DA:68,5
DA:69,5
DA:70,5
DA:71,5
DA:72,5
DA:73,5
DA:74,5
DA:75,5
DA:76,5
DA:77,5
DA:78,5
DA:79,5
DA:80,5
DA:81,5
DA:82,5
DA:83,0
DA:84,5
DA:85,5
DA:86,5
DA:87,1
DA:88,1
DA:89,1
DA:90,1
DA:91,1
DA:92,32
DA:93,32
DA:94,32
DA:95,32
DA:96,32
DA:97,32
DA:98,32
DA:99,32
DA:100,32
DA:101,32
DA:102,73
DA:103,73
DA:104,73
DA:105,73
DA:106,73
DA:107,73
DA:108,73
DA:109,73
DA:110,73
DA:111,73
DA:112,73
DA:113,73
DA:114,73
DA:115,0
DA:116,73
DA:117,32
DA:118,32
DA:119,32
DA:120,32
DA:121,32
DA:122,32
DA:123,32
DA:124,32
DA:125,32
DA:126,32
DA:127,32
DA:128,0
DA:129,32
DA:130,32
DA:131,32
DA:132,1
DA:133,1
DA:134,1
DA:135,1
DA:136,1
DA:137,9
DA:138,9
DA:139,9
DA:140,9
DA:141,9
DA:142,9
DA:143,9
DA:144,9
DA:145,9
DA:146,9
DA:147,9
DA:148,9
DA:149,0
DA:150,9
DA:151,9
DA:152,9
DA:153,1
DA:154,1
DA:155,1
DA:156,1
DA:157,1
DA:158,4
DA:159,4
DA:160,4
DA:161,4
DA:162,4
DA:163,4
DA:164,4
DA:165,4
DA:166,4
DA:167,4
DA:168,4
DA:169,4
DA:170,4
DA:171,0
DA:172,4
DA:173,4
DA:174,4
DA:175,1
DA:176,1
DA:177,1
DA:178,1
DA:179,1
DA:180,2
DA:181,2
DA:182,2
DA:183,2
DA:184,2
DA:185,2
DA:186,2
DA:187,2
DA:188,1
DA:189,1
DA:190,1
DA:191,1
DA:192,1
DA:193,1
DA:194,1
DA:195,1
DA:196,1
DA:197,1
DA:198,1
DA:199,2
DA:200,2
DA:201,2
DA:202,2
DA:203,2
DA:204,2
DA:205,0
DA:206,2
DA:207,2
DA:208,2
DA:209,1
DA:210,1
DA:211,1
DA:212,1
DA:213,1
DA:214,8
DA:215,8
DA:216,8
DA:217,8
DA:218,8
DA:219,8
DA:220,8
DA:221,8
DA:222,3
DA:223,3
DA:224,8
DA:225,5
DA:226,5
DA:227,8
DA:228,8
DA:229,8
DA:230,8
DA:231,8
DA:232,8
DA:233,0
DA:234,8
DA:235,8
DA:236,8
DA:237,1
DA:238,1
DA:239,1
DA:240,1
DA:241,1
DA:242,26
DA:243,26
DA:244,26
DA:245,26
DA:246,26
DA:247,26
DA:248,26
DA:249,26
DA:250,26
DA:251,26
DA:252,26
DA:253,26
DA:254,26
DA:255,0
DA:256,26
DA:257,26
DA:258,26
DA:259,1
DA:260,1
DA:261,1
DA:262,1
DA:263,1
DA:264,1
DA:265,1
DA:266,1
DA:267,1
DA:268,1
DA:269,1
DA:270,1
DA:271,1
DA:272,1
DA:273,1
DA:274,1
DA:275,3
DA:276,3
DA:277,2
DA:278,2
DA:279,2
DA:280,3
DA:281,1
DA:282,1
DA:283,1
DA:284,1
DA:285,1
DA:286,1
DA:287,0
DA:288,1
DA:289,1
DA:290,1
DA:291,1
DA:292,1
DA:293,1
DA:294,1
DA:295,1
DA:296,3
DA:297,3
DA:298,3
DA:299,2
DA:300,3
DA:301,1
DA:302,1
DA:303,2
DA:304,2
DA:305,2
DA:306,2
DA:307,2
DA:308,1
DA:309,1
DA:310,1
DA:311,1
DA:312,1
DA:313,2
DA:314,2
DA:315,2
DA:316,1
DA:317,1
DA:318,1
DA:319,1
DA:320,1
DA:321,1
DA:322,1
DA:323,1
DA:324,1
DA:325,1
DA:326,1
DA:327,3
DA:328,3
DA:329,3
DA:330,1
DA:331,1
DA:332,1
DA:333,1
DA:334,1
DA:335,1
DA:336,1
DA:337,1
DA:338,1
DA:339,1
DA:340,1
DA:341,1
DA:342,1
DA:343,1
DA:344,1
DA:345,1
DA:346,1
DA:347,1
DA:348,1
DA:349,1
DA:350,1
DA:351,1
DA:352,1
DA:353,1
DA:354,1
DA:355,1
DA:356,1
DA:357,1
DA:358,1
DA:359,1
DA:360,4
DA:361,4
DA:362,4
DA:363,4
DA:364,4
DA:365,1
DA:366,1
DA:367,4
DA:368,4
DA:369,4
DA:370,4
DA:371,1
DA:372,1
DA:373,1
DA:374,1
DA:375,1
DA:376,1
DA:377,1
DA:378,1
DA:379,1
DA:380,0
DA:381,1
DA:382,1
DA:383,1
DA:384,1
DA:385,1
DA:386,1
DA:387,0
DA:388,1
LF:388
LH:374
BRDA:15,0,0,4
BRDA:16,1,0,4
BRDA:23,2,0,4
BRDA:29,3,0,1
BRDA:53,4,0,88
BRDA:54,5,0,0
BRDA:63,6,0,5
BRDA:66,7,0,5
BRDA:78,8,0,5
BRDA:91,9,0,32
BRDA:94,10,0,32
BRDA:101,11,0,73
BRDA:110,12,0,73
BRDA:119,13,0,32
BRDA:136,14,0,9
BRDA:139,15,0,9
BRDA:144,16,0,9
BRDA:145,17,0,0
BRDA:157,18,0,4
BRDA:160,19,0,4
BRDA:166,20,0,4
BRDA:167,21,0,0
BRDA:179,22,0,2
BRDA:182,23,0,2
BRDA:187,24,0,1
BRDA:200,25,0,2
BRDA:201,26,0,0
BRDA:213,27,0,8
BRDA:216,28,0,8
BRDA:221,29,0,3
BRDA:224,30,0,5
BRDA:228,31,0,8
BRDA:241,32,0,26
BRDA:244,33,0,26
BRDA:249,34,0,26
BRDA:263,35,0,1
BRDA:266,36,0,1
BRDA:274,37,0,3
BRDA:276,38,0,2
BRDA:280,39,0,1
BRDA:295,40,0,3
BRDA:297,41,0,1
BRDA:298,42,0,2
BRDA:298,43,0,2
BRDA:300,44,0,1
BRDA:302,45,0,2
BRDA:305,46,0,6
BRDA:312,47,0,2
BRDA:314,48,0,1
BRDA:315,49,0,1
BRDA:318,50,0,6
BRDA:326,51,0,3
BRDA:334,52,0,1
BRDA:337,53,0,1
BRDA:352,54,0,1
BRDA:356,55,0,1
BRDA:357,56,0,0
BRDA:359,57,0,4
BRDA:364,58,0,3
BRDA:364,59,0,1
BRDA:367,60,0,3
BRF:61
BRH:56
end_of_record
TN:
SF:js/ui.js
FN:1,(empty-report)
FNF:1
FNH:0
FNDA:0,(empty-report)
DA:1,0
DA:2,0
DA:3,0
DA:4,0
DA:5,0
DA:6,0
DA:7,0
DA:8,0
DA:9,0
DA:10,0
DA:11,0
DA:12,0
DA:13,0
DA:14,0
DA:15,0
DA:16,0
DA:17,0
DA:18,0
DA:19,0
DA:20,0
DA:21,0
DA:22,0
DA:23,0
DA:24,0
DA:25,0
DA:26,0
DA:27,0
DA:28,0
DA:29,0
DA:30,0
DA:31,0
DA:32,0
DA:33,0
DA:34,0
DA:35,0
DA:36,0
DA:37,0
DA:38,0
DA:39,0
DA:40,0
DA:41,0
DA:42,0
DA:43,0
DA:44,0
DA:45,0
DA:46,0
DA:47,0
DA:48,0
DA:49,0
DA:50,0
DA:51,0
DA:52,0
DA:53,0
DA:54,0
DA:55,0
DA:56,0
DA:57,0
DA:58,0
DA:59,0
DA:60,0
DA:61,0
DA:62,0
DA:63,0
DA:64,0
DA:65,0
DA:66,0
DA:67,0
DA:68,0
DA:69,0
DA:70,0
DA:71,0
DA:72,0
DA:73,0
DA:74,0
DA:75,0
DA:76,0
DA:77,0
DA:78,0
DA:79,0
DA:80,0
DA:81,0
DA:82,0
DA:83,0
DA:84,0
DA:85,0
DA:86,0
DA:87,0
DA:88,0
DA:89,0
DA:90,0
DA:91,0
DA:92,0
DA:93,0
DA:94,0
DA:95,0
DA:96,0
DA:97,0
DA:98,0
DA:99,0
DA:100,0
DA:101,0
DA:102,0
DA:103,0
DA:104,0
DA:105,0
DA:106,0
DA:107,0
DA:108,0
DA:109,0
DA:110,0
DA:111,0
DA:112,0
DA:113,0
DA:114,0
DA:115,0
DA:116,0
DA:117,0
DA:118,0
DA:119,0
DA:120,0
DA:121,0
DA:122,0
DA:123,0
DA:124,0
DA:125,0
DA:126,0
DA:127,0
DA:128,0
DA:129,0
DA:130,0
DA:131,0
DA:132,0
DA:133,0
DA:134,0
DA:135,0
DA:136,0
DA:137,0
DA:138,0
DA:139,0
DA:140,0
DA:141,0
DA:142,0
DA:143,0
DA:144,0
DA:145,0
DA:146,0
DA:147,0
DA:148,0
DA:149,0
DA:150,0
DA:151,0
DA:152,0
DA:153,0
DA:154,0
DA:155,0
DA:156,0
DA:157,0
DA:158,0
DA:159,0
DA:160,0
DA:161,0
DA:162,0
DA:163,0
DA:164,0
DA:165,0
DA:166,0
DA:167,0
DA:168,0
DA:169,0
DA:170,0
DA:171,0
DA:172,0
DA:173,0
DA:174,0
DA:175,0
DA:176,0
DA:177,0
DA:178,0
DA:179,0
DA:180,0
DA:181,0
DA:182,0
DA:183,0
DA:184,0
DA:185,0
DA:186,0
DA:187,0
DA:188,0
DA:189,0
DA:190,0
DA:191,0
DA:192,0
DA:193,0
DA:194,0
DA:195,0
DA:196,0
DA:197,0
DA:198,0
DA:199,0
DA:200,0
DA:201,0
DA:202,0
DA:203,0
DA:204,0
DA:205,0
DA:206,0
DA:207,0
DA:208,0
DA:209,0
DA:210,0
DA:211,0
DA:212,0
DA:213,0
DA:214,0
DA:215,0
DA:216,0
DA:217,0
DA:218,0
DA:219,0
DA:220,0
DA:221,0
DA:222,0
DA:223,0
DA:224,0
DA:225,0
DA:226,0
DA:227,0
DA:228,0
DA:229,0
DA:230,0
DA:231,0
DA:232,0
DA:233,0
DA:234,0
DA:235,0
DA:236,0
DA:237,0
DA:238,0
DA:239,0
DA:240,0
DA:241,0
DA:242,0
DA:243,0
DA:244,0
DA:245,0
DA:246,0
DA:247,0
DA:248,0
DA:249,0
DA:250,0
DA:251,0
DA:252,0
DA:253,0
DA:254,0
DA:255,0
DA:256,0
DA:257,0
DA:258,0
DA:259,0
DA:260,0
DA:261,0
DA:262,0
DA:263,0
DA:264,0
DA:265,0
DA:266,0
DA:267,0
DA:268,0
DA:269,0
DA:270,0
DA:271,0
DA:272,0
DA:273,0
DA:274,0
DA:275,0
DA:276,0
DA:277,0
DA:278,0
DA:279,0
DA:280,0
DA:281,0
DA:282,0
DA:283,0
DA:284,0
DA:285,0
DA:286,0
DA:287,0
DA:288,0
DA:289,0
DA:290,0
DA:291,0
DA:292,0
DA:293,0
DA:294,0
DA:295,0
DA:296,0
DA:297,0
DA:298,0
DA:299,0
DA:300,0
DA:301,0
DA:302,0
DA:303,0
DA:304,0
DA:305,0
DA:306,0
DA:307,0
DA:308,0
DA:309,0
DA:310,0
DA:311,0
DA:312,0
DA:313,0
DA:314,0
DA:315,0
DA:316,0
DA:317,0
DA:318,0
DA:319,0
DA:320,0
DA:321,0
DA:322,0
DA:323,0
DA:324,0
DA:325,0
DA:326,0
DA:327,0
DA:328,0
DA:329,0
DA:330,0
DA:331,0
DA:332,0
DA:333,0
DA:334,0
DA:335,0
DA:336,0
DA:337,0
DA:338,0
DA:339,0
DA:340,0
DA:341,0
DA:342,0
DA:343,0
DA:344,0
DA:345,0
DA:346,0
DA:347,0
DA:348,0
DA:349,0
DA:350,0
DA:351,0
DA:352,0
DA:353,0
DA:354,0
DA:355,0
DA:356,0
DA:357,0
DA:358,0
DA:359,0
DA:360,0
DA:361,0
DA:362,0
DA:363,0
DA:364,0
DA:365,0
DA:366,0
DA:367,0
DA:368,0
DA:369,0
DA:370,0
DA:371,0
DA:372,0
DA:373,0
DA:374,0
DA:375,0
DA:376,0
DA:377,0
DA:378,0
DA:379,0
DA:380,0
DA:381,0
DA:382,0
DA:383,0
DA:384,0
DA:385,0
DA:386,0
DA:387,0
DA:388,0
DA:389,0
DA:390,0
DA:391,0
DA:392,0
DA:393,0
DA:394,0
DA:395,0
DA:396,0
DA:397,0
DA:398,0
DA:399,0
DA:400,0
DA:401,0
DA:402,0
DA:403,0
DA:404,0
DA:405,0
DA:406,0
DA:407,0
DA:408,0
DA:409,0
DA:410,0
DA:411,0
DA:412,0
DA:413,0
DA:414,0
DA:415,0
DA:416,0
DA:417,0
DA:418,0
DA:419,0
DA:420,0
DA:421,0
DA:422,0
DA:423,0
DA:424,0
DA:425,0
DA:426,0
DA:427,0
DA:428,0
DA:429,0
DA:430,0
DA:431,0
DA:432,0
DA:433,0
DA:434,0
DA:435,0
DA:436,0
DA:437,0
DA:438,0
DA:439,0
DA:440,0
DA:441,0
DA:442,0
DA:443,0
DA:444,0
DA:445,0
DA:446,0
DA:447,0
DA:448,0
DA:449,0
DA:450,0
DA:451,0
DA:452,0
DA:453,0
DA:454,0
DA:455,0
DA:456,0
DA:457,0
DA:458,0
DA:459,0
DA:460,0
DA:461,0
DA:462,0
DA:463,0
DA:464,0
DA:465,0
DA:466,0
DA:467,0
DA:468,0
DA:469,0
DA:470,0
DA:471,0
DA:472,0
DA:473,0
DA:474,0
DA:475,0
DA:476,0
DA:477,0
DA:478,0
DA:479,0
DA:480,0
DA:481,0
DA:482,0
DA:483,0
DA:484,0
DA:485,0
DA:486,0
DA:487,0
DA:488,0
DA:489,0
DA:490,0
DA:491,0
DA:492,0
DA:493,0
DA:494,0
DA:495,0
DA:496,0
DA:497,0
DA:498,0
DA:499,0
DA:500,0
DA:501,0
DA:502,0
DA:503,0
DA:504,0
DA:505,0
DA:506,0
DA:507,0
DA:508,0
DA:509,0
DA:510,0
DA:511,0
DA:512,0
DA:513,0
DA:514,0
DA:515,0
DA:516,0
DA:517,0
DA:518,0
DA:519,0
DA:520,0
DA:521,0
DA:522,0
DA:523,0
DA:524,0
DA:525,0
DA:526,0
DA:527,0
DA:528,0
DA:529,0
DA:530,0
DA:531,0
DA:532,0
DA:533,0
DA:534,0
DA:535,0
DA:536,0
DA:537,0
DA:538,0
DA:539,0
DA:540,0
DA:541,0
DA:542,0
DA:543,0
LF:543
LH:0
BRDA:1,0,0,0
BRF:1
BRH:0
end_of_record
TN:
SF:js/utils.js
FN:13,validateDevice
FN:24,delay
FN:39,executeWithMockFallback
FN:59,setBufferValue
FN:78,getBufferValue
FN:99,createBuffer
FN:119,parseBuffer
FN:138,downloadFile
FN:162,formatGPSFix
FN:177,createMapsURL
FN:185,getCurrentTimestamp
FN:194,boolToNumber
FN:203,numberToBool
FNF:13
FNH:10
FNDA:7,validateDevice
FNDA:116,delay
FNDA:116,executeWithMockFallback
FNDA:1008,setBufferValue
FNDA:1003,getBufferValue
FNDA:0,createBuffer
FNDA:0,parseBuffer
FNDA:20,downloadFile
FNDA:33,formatGPSFix
FNDA:2,createMapsURL
FNDA:112,getCurrentTimestamp
FNDA:5,boolToNumber
FNDA:0,numberToBool
DA:1,1
DA:2,1
DA:3,1
DA:4,1
DA:5,1
DA:6,1
DA:7,1
DA:8,1
DA:9,1
DA:10,1
DA:11,1
DA:12,1
DA:13,1
DA:14,7
DA:15,2
DA:16,2
DA:17,7
DA:18,1
DA:19,1
DA:20,1
DA:21,1
DA:22,1
DA:23,1
DA:24,1
DA:25,116
DA:26,116
DA:27,1
DA:28,1
DA:29,1
DA:30,1
DA:31,1
DA:32,1
DA:33,1
DA:34,1
DA:35,1
DA:36,1
DA:37,1
DA:38,1
DA:39,1
DA:40,116
DA:41,116
DA:42,116
DA:43,0
DA:44,0
DA:45,0
DA:46,0
DA:47,0
DA:48,0
DA:49,0
DA:50,0
DA:51,116
DA:52,1
DA:53,1
DA:54,1
DA:55,1
DA:56,1
DA:57,1
DA:58,1
DA:59,1
DA:60,1008
DA:61,1008
DA:62,1008
DA:63,1008
DA:64,0
DA:65,0
DA:66,1008
DA:67,1008
DA:68,1008
DA:69,1008
DA:70,1008
DA:71,1
DA:72,1
DA:73,1
DA:74,1
DA:75,1
DA:76,1
DA:77,1
DA:78,1
DA:79,1003
DA:80,1003
DA:81,1003
DA:82,0
DA:83,0
DA:84,1003
DA:85,1003
DA:86,1003
DA:87,1003
DA:88,1003
DA:89,1003
DA:90,1003
DA:91,1
DA:92,1
DA:93,1
DA:94,1
DA:95,1
DA:96,1
DA:97,1
DA:98,1
DA:99,1
DA:100,0
DA:101,0
DA:102,0
DA:103,0
DA:104,0
DA:105,0
DA:106,0
DA:107,0
DA:108,0
DA:109,0
DA:110,0
DA:111,0
DA:112,1
DA:113,1
DA:114,1
DA:115,1
DA:116,1
DA:117,1
DA:118,1
DA:119,1
DA:120,0
DA:121,0
DA:122,0
DA:123,0
DA:124,0
DA:125,0
DA:126,0
DA:127,0
DA:128,0
DA:129,1
DA:130,1
DA:131,1
DA:132,1
DA:133,1
DA:134,1
DA:135,1
DA:136,1
DA:137,1
DA:138,1
DA:139,20
DA:140,20
DA:141,20
DA:142,20
DA:143,20
DA:144,20
DA:145,20
DA:146,20
DA:147,20
DA:148,20
DA:149,20
DA:150,20
DA:151,20
DA:152,1
DA:153,1
DA:154,20
DA:155,20
DA:156,1
DA:157,1
DA:158,1
DA:159,1
DA:160,1
DA:161,1
DA:162,1
DA:163,33
DA:164,33
DA:165,33
DA:166,33
DA:167,33
DA:168,33
DA:169,33
DA:170,1
DA:171,1
DA:172,1
DA:173,1
DA:174,1
DA:175,1
DA:176,1
DA:177,1
DA:178,2
DA:179,2
DA:180,1
DA:181,1
DA:182,1
DA:183,1
DA:184,1
DA:185,1
DA:186,112
DA:187,112
DA:188,1
DA:189,1
DA:190,1
DA:191,1
DA:192,1
DA:193,1
DA:194,1
DA:195,5
DA:196,5
DA:197,1
DA:198,1
DA:199,1
DA:200,1
DA:201,1
DA:202,1
DA:203,1
DA:204,0
DA:205,0
LF:205
LH:170
BRDA:13,0,0,7
BRDA:14,1,0,6
BRDA:14,2,0,2
BRDA:24,3,0,116
BRDA:25,4,0,116
BRDA:39,5,0,116
BRDA:42,6,0,0
BRDA:59,7,0,1008
BRDA:63,8,0,0
BRDA:68,9,0,774
BRDA:78,10,0,1003
BRDA:81,11,0,0
BRDA:86,12,0,774
BRDA:138,13,0,20
BRDA:151,14,0,1
BRDA:162,15,0,33
BRDA:168,16,0,2
BRDA:177,17,0,2
BRDA:185,18,0,112
BRDA:194,19,0,5
BRDA:195,20,0,0
BRF:21
BRH:17
end_of_record
TN:
SF:js/webusb.js
FN:23,checkWebUSBSupport
FN:30,isDeviceConnected
FN:37,getDevice
FN:44,onConnect
FN:51,onDisconnect
FN:58,connectDevice
FN:83,openDevice
FN:138,disconnectDevice
FN:179,autoReconnect
FN:211,monitorUSBEvents
FN:260,getDeviceInfo
FN:277,handleUSBError
FNF:12
FNH:12
FNDA:19,checkWebUSBSupport
FNDA:2,isDeviceConnected
FNDA:1,getDevice
FNDA:2,onConnect
FNDA:1,onDisconnect
FNDA:13,connectDevice
FNDA:12,openDevice
FNDA:6,disconnectDevice
FNDA:3,autoReconnect
FNDA:1,monitorUSBEvents
FNDA:3,getDeviceInfo
FNDA:7,handleUSBError
DA:1,1
DA:2,1
DA:3,1
DA:4,1
DA:5,1
DA:6,1
DA:7,1
DA:8,1
DA:9,1
DA:10,1
DA:11,1
DA:12,1
DA:13,1
DA:14,1
DA:15,1
DA:16,1
DA:17,1
DA:18,1
DA:19,1
DA:20,1
DA:21,1
DA:22,1
DA:23,1
DA:24,19
DA:25,19
DA:26,1
DA:27,1
DA:28,1
DA:29,1
DA:30,1
DA:31,2
DA:32,2
DA:33,1
DA:34,1
DA:35,1
DA:36,1
DA:37,1
DA:38,1
DA:39,1
DA:40,1
DA:41,1
DA:42,1
DA:43,1
DA:44,1
DA:45,2
DA:46,2
DA:47,1
DA:48,1
DA:49,1
DA:50,1
DA:51,1
DA:52,1
DA:53,1
DA:54,1
DA:55,1
DA:56,1
DA:57,1
DA:58,1
DA:59,13
DA:60,1
DA:61,1
DA:62,12
DA:63,12
DA:64,12
DA:65,12
DA:66,12
DA:67,12
DA:68,11
DA:69,11
DA:70,11
DA:71,11
DA:72,13
DA:73,1
DA:74,1
DA:75,1
DA:76,0
DA:77,0
DA:78,13
DA:79,1
DA:80,1
DA:81,1
DA:82,1
DA:83,12
DA:84,12
DA:85,0
DA:86,0
DA:87,12
DA:88,12
DA:89,12
DA:90,12
DA:91,9
DA:92,9
DA:93,12
DA:94,12
DA:95,12
DA:96,1
DA:97,1
DA:98,12
DA:99,12
DA:100,12
DA:101,12
DA:102,12
DA:103,12
DA:104,9
DA:105,9
DA:106,12
DA:107,12
DA:108,12
DA:109,12
DA:110,12
DA:111,14
DA:112,14
DA:113,14
DA:114,6
DA:115,6
DA:116,12
DA:117,12
DA:118,12
DA:119,12
DA:120,12
DA:121,0
DA:122,0
DA:123,0
DA:124,0
DA:125,0
DA:126,0
DA:127,0
DA:128,0
DA:129,0
DA:130,0
DA:131,0
DA:132,0
DA:133,12
DA:134,1
DA:135,1
DA:136,1
DA:137,1
DA:138,1
DA:139,6
DA:140,2
DA:141,2
DA:142,4
DA:143,4
DA:144,6
DA:145,2
DA:146,2
DA:147,2
DA:148,2
DA:149,2
DA:150,2
DA:151,2
DA:152,2
DA:153,2
DA:154,4
DA:155,4
DA:156,4
DA:157,4
DA:158,4
DA:159,3
DA:160,3
DA:161,3
DA:162,0
DA:163,0
DA:164,4
DA:165,4
DA:166,4
DA:167,4
DA:168,6
DA:169,0
DA:170,6
DA:171,4
DA:172,4
DA:173,4
DA:174,6
DA:175,1
DA:176,1
DA:177,1
DA:178,1
DA:179,1
DA:180,3
DA:181,0
DA:182,0
DA:183,3
DA:184,3
DA:185,3
DA:186,3
DA:187,3
DA:188,3
DA:189,3
DA:190,2
DA:191,1
DA:192,3
DA:193,3
DA:194,3
DA:195,1
DA:196,1
DA:197,1
DA:198,1
DA:199,2
DA:200,2
DA:201,2
DA:202,3
DA:203,0
DA:204,0
DA:205,0
DA:206,3
DA:207,1
DA:208,1
DA:209,1
DA:210,1
DA:211,1
DA:212,1
DA:213,0
DA:214,0
DA:215,1
DA:216,1
DA:217,1
DA:218,0
DA:219,0
DA:220,0
DA:221,0
DA:222,0
DA:223,0
DA:224,0
DA:225,0
DA:226,0
DA:227,0
DA:228,0
DA:229,0
DA:230,0
DA:231,0
DA:232,0
DA:233,0
DA:234,1
DA:235,1
DA:236,1
DA:237,1
DA:238,0
DA:239,0
DA:240,0
DA:241,0
DA:242,0
DA:243,0
DA:244,0
DA:245,0
DA:246,0
DA:247,0
DA:248,0
DA:249,0
DA:250,0
DA:251,0
DA:252,0
DA:253,0
DA:254,1
DA:255,1
DA:256,1
DA:257,1
DA:258,1
DA:259,1
DA:260,1
DA:261,3
DA:262,1
DA:263,1
DA:264,2
DA:265,2
DA:266,3
DA:267,3
DA:268,3
DA:269,3
DA:270,3
DA:271,3
DA:272,3
DA:273,1
DA:274,1
DA:275,1
DA:276,1
DA:277,1
DA:278,7
DA:279,7
DA:280,7
DA:281,1
DA:282,7
DA:283,1
DA:284,6
DA:285,1
DA:286,5
DA:287,1
DA:288,4
DA:289,1
DA:290,3
DA:291,1
DA:292,1
DA:293,1
DA:294,1
DA:295,1
DA:296,1
DA:297,1
DA:298,1
DA:299,1
DA:300,1
LF:300
LH:242
BRDA:23,0,0,19
BRDA:30,1,0,2
BRDA:31,2,0,1
BRDA:37,3,0,1
BRDA:44,4,0,2
BRDA:51,5,0,1
BRDA:58,6,0,13
BRDA:59,7,0,1
BRDA:61,8,0,12
BRDA:67,9,0,11
BRDA:72,10,0,1
BRDA:75,11,0,0
BRDA:83,12,0,12
BRDA:84,13,0,0
BRDA:90,14,0,9
BRDA:95,15,0,1
BRDA:103,16,0,9
BRDA:120,17,0,0
BRDA:110,18,0,14
BRDA:113,19,0,6
BRDA:138,20,0,6
BRDA:139,21,0,2
BRDA:141,22,0,4
BRDA:144,23,0,2
BRDA:153,24,0,4
BRDA:168,25,0,0
BRDA:170,26,0,4
BRDA:158,27,0,3
BRDA:161,28,0,0
BRDA:179,29,0,3
BRDA:180,30,0,0
BRDA:194,31,0,1
BRDA:198,32,0,2
BRDA:202,33,0,0
BRDA:189,34,0,2
BRDA:190,35,0,1
BRDA:211,36,0,1
BRDA:212,37,0,0
BRDA:260,38,0,3
BRDA:261,39,0,1
BRDA:263,40,0,2
BRDA:266,41,0,1
BRDA:267,42,0,1
BRDA:268,43,0,1
BRDA:277,44,0,7
BRDA:280,45,0,1
BRDA:282,46,0,6
BRDA:282,47,0,1
BRDA:284,48,0,5
BRDA:284,49,0,1
BRDA:286,50,0,4
BRDA:286,51,0,1
BRDA:288,52,0,3
BRDA:288,53,0,1
BRDA:290,54,0,2
BRDA:290,55,0,1
BRDA:292,56,0,1
BRF:57
BRH:49
end_of_record
